--- Startup times for process: Primary (or UI client) ---

times in msec
 clock   self+sourced   self:  sourced script
 clock   elapsed:              other lines

000.011  000.011: --- NVIM STARTING ---
000.087  000.076: event init
000.275  000.187: early init
021.501  021.227: locale set
021.583  000.081: init first window
022.295  000.713: inits 1
022.727  000.431: window checked
022.931  000.204: parsing arguments
024.126  000.597  000.597: require('vim._core.shared')
025.019  000.006  000.006: require('string.buffer')
025.055  000.263  000.257: require('vim.inspect')
025.451  000.383  000.383: require('vim._core.options')
025.458  001.324  000.678: require('vim._core.editor')
025.657  000.195  000.195: require('vim._core.system')
025.662  002.239  000.123: require('vim._init_packages')
025.672  000.502: init lua interpreter
034.701  009.029: nvim_ui_attach
035.180  000.479: nvim_set_client_info
035.192  000.012: --- NVIM STARTED ---

--- Startup times for process: Embedded ---

times in msec
 clock   self+sourced   self:  sourced script
 clock   elapsed:              other lines

000.008  000.008: --- NVIM STARTING ---
000.056  000.048: event init
000.174  000.117: early init
022.359  022.185: locale set
022.420  000.062: init first window
023.171  000.751: inits 1
023.194  000.023: window checked
023.363  000.169: parsing arguments
024.632  000.671  000.671: require('vim._core.shared')
026.292  000.013  000.013: require('string.buffer')
026.387  000.503  000.490: require('vim.inspect')
027.585  001.126  001.126: require('vim._core.options')
027.609  002.965  001.336: require('vim._core.editor')
027.850  000.235  000.235: require('vim._core.system')
027.856  004.024  000.153: require('vim._init_packages')
027.872  000.485: init lua interpreter
063.380  035.507: expanding arguments
063.419  000.039: inits 2
063.893  000.475: init highlight
063.898  000.005: waiting for UI
064.018  000.119: done waiting for UI
064.044  000.026: clear screen
064.988  000.049  000.049: require('vim.keymap')
065.835  000.189  000.189: sourcing nvim_exec2()
065.889  000.026  000.026: require('vim._core.log')
068.939  001.496  001.496: require('vim.tty')
069.131  000.153  000.153: require('vim.text')
076.779  012.724  010.811: require('vim._core.defaults')
076.820  000.052: init default mappings & autocommands
077.621  000.331  000.331: sourcing C:\Program Files\Neovim\share\nvim\runtime\ftplugin.vim
078.265  000.135  000.135: sourcing C:\Program Files\Neovim\share\nvim\runtime\indent.vim
080.307  000.713  000.713: require('vim.fs')
080.650  000.326  000.326: require('vim.uri')
080.708  001.739  000.700: require('vim.loader')
082.522  001.183  001.183: sourcing C:\Program Files\Neovim\share/nvim/runtime/colors/vim.lua
083.213  002.063  000.880: sourcing C:\Program Files\Neovim\share\nvim\runtime\colors\retrobox.vim
084.055  000.675  000.675: require('keymaps')
084.859  000.127  000.127: sourcing nvim_exec2() called at C:\Program Files\Neovim\share\nvim\runtime\filetype.lua:0
084.871  000.397  000.270: sourcing C:\Program Files\Neovim\share\nvim\runtime\filetype.lua
085.195  000.049  000.049: sourcing C:\Program Files\Neovim\share\nvim\runtime\ftplugin.vim
085.445  000.037  000.037: sourcing C:\Program Files\Neovim\share\nvim\runtime\indent.vim
085.838  000.318  000.318: require('autocmds')
086.153  000.304  000.304: require('statusline')
087.839  000.313  000.313: require('vim._async')
087.867  001.255  000.942: require('vim.pack')
088.085  000.048  000.048: require('vim.F')
088.574  000.310  000.310: require('vim.version')
093.019  001.784  001.784: require('mini.ai')
094.453  000.840  000.840: require('mini.comment')
094.807  000.231  000.231: require('mini.move')
095.344  000.357  000.357: require('mini.surround')
101.961  002.168  002.168: require('mini.icons')
102.646  000.336  000.336: require('mini.tabline')
102.793  000.022  000.022: sourcing nvim_exec2() called at C:\Users\dhruv\AppData\Local\nvim\init.lua:0
103.365  000.561  000.561: require('mini.pairs')
106.277  000.152  000.152: require('vim.func')
106.507  000.174  000.174: require('vim.func._memoize')
106.532  000.685  000.359: require('fzf-lua.utils')
107.113  000.147  000.147: require('fzf-lua.lib.base64')
107.381  000.258  000.258: require('fzf-lua.lib.serpent')
107.393  000.617  000.213: require('fzf-lua.libuv')
107.405  000.867  000.251: require('fzf-lua.path')
107.426  002.144  000.592: require('fzf-lua.actions')
108.337  000.190  000.190: require('fzf-lua.class')
108.419  000.459  000.269: require('fzf-lua.devicons')
109.220  000.338  000.338: require('fzf-lua.previewer')
110.261  001.831  001.493: require('fzf-lua.defaults')
110.280  002.579  000.289: require('fzf-lua.config')
110.569  000.070  000.070: sourcing C:/Users/dhruv/AppData/Local/nvim-data/site/pack/core/opt/fzf-lua/autoload/fzf_lua.vim
110.591  000.220  000.149: sourcing nvim_exec2() called at C:\Users\dhruv\AppData\Local\nvim\init.lua:0
111.791  000.665  000.665: require('fzf-lua.win')
112.682  000.187  000.187: require('fzf-lua.fzf')
112.879  000.185  000.185: require('fzf-lua.shell')
112.895  001.090  000.718: require('fzf-lua.core')
113.090  000.184  000.184: require('fzf-lua.make_entry')
113.101  005.671  000.933: require('fzf-lua')
115.957  000.454  000.454: require('nvim-tree')
116.411  000.205  000.205: require('nvim-tree._meta.api.appearance')
116.604  000.180  000.180: require('nvim-tree._meta.api.commands')
116.799  000.185  000.185: require('nvim-tree._meta.api.config')
117.002  000.193  000.193: require('nvim-tree._meta.api.events')
117.186  000.174  000.174: require('nvim-tree._meta.api.filter')
117.379  000.185  000.185: require('nvim-tree._meta.api.fs')
117.564  000.175  000.175: require('nvim-tree._meta.api.git')
117.737  000.164  000.164: require('nvim-tree._meta.api.map')
117.910  000.165  000.165: require('nvim-tree._meta.api.marks')
118.132  000.213  000.213: require('nvim-tree._meta.api.node')
118.315  000.172  000.172: require('nvim-tree._meta.api.tree')
118.733  000.259  000.259: require('nvim-tree.classic')
118.746  000.423  000.164: require('nvim-tree._meta.api.decorator')
118.939  000.186  000.186: require('nvim-tree._meta.api.deprecated')
119.170  000.222  000.222: require('nvim-tree.api.impl')
119.461  000.232  000.232: require('nvim-tree.renderer.decorator')
119.638  000.168  000.168: require('nvim-tree.legacy')
119.649  003.677  000.434: require('nvim-tree.api')
119.883  000.227  000.227: require('nvim-tree.appearance')
120.879  000.486  000.486: require('vim.diagnostic')
120.897  000.837  000.351: require('nvim-tree.config')
120.902  001.011  000.173: require('nvim-tree.autocmd')
121.099  000.192  000.192: require('nvim-tree.log')
121.317  000.209  000.209: require('nvim-tree.view-state')
123.154  001.721  001.721: sourcing nvim_exec2() called at C:\Users\dhruv\AppData\Local\nvim\init.lua:0
123.193  000.017  000.017: sourcing nvim_exec2() called at C:\Users\dhruv\AppData\Local\nvim\init.lua:0
125.947  000.177  000.177: require('mason-core.path')
126.544  000.163  000.163: require('mason-core.functional.data')
126.800  000.243  000.243: require('mason-core.functional.function')
127.096  000.274  000.274: require('mason-core.functional.list')
127.379  000.215  000.215: require('mason-core.functional.relation')
127.609  000.215  000.215: require('mason-core.functional.logic')
127.957  000.333  000.333: require('mason-core.functional.number')
128.621  000.646  000.646: require('mason-core.functional.string')
128.807  000.169  000.169: require('mason-core.functional.table')
128.963  000.143  000.143: require('mason-core.functional.type')
128.974  002.810  000.408: require('mason-core.functional')
129.081  003.121  000.311: require('mason-core.platform')
129.277  000.191  000.191: require('mason.settings')
129.287  003.708  000.219: require('mason-core.installer.InstallLocation')
129.854  000.214  000.214: require('mason-core.log')
129.863  000.404  000.190: require('mason-core.EventEmitter')
130.061  000.194  000.194: require('mason-registry.sources')
130.074  000.783  000.185: require('mason-registry')
130.079  004.978  000.487: require('mason')
130.402  000.212  000.212: require('mason.api.command')
132.902  000.712  000.712: require('blink.cmp')
133.353  000.156  000.156: require('blink.cmp.config.utils')
133.512  000.145  000.145: require('blink.cmp.config.keymap')
133.859  000.140  000.140: require('blink.cmp.config.completion.keyword')
134.027  000.158  000.158: require('blink.cmp.config.completion.trigger')
134.172  000.137  000.137: require('blink.cmp.config.completion.list')
134.339  000.157  000.157: require('blink.cmp.config.completion.accept')
134.538  000.190  000.190: require('blink.cmp.config.completion.menu')
134.755  000.208  000.208: require('blink.cmp.config.completion.documentation')
134.932  000.168  000.168: require('blink.cmp.config.completion.ghost_text')
134.941  001.418  000.260: require('blink.cmp.config.completion')
135.129  000.181  000.181: require('blink.cmp.config.fuzzy')
135.333  000.197  000.197: require('blink.cmp.config.sources')
135.532  000.192  000.192: require('blink.cmp.config.signature')
135.831  000.204  000.204: require('blink.cmp.config.snippets')
136.014  000.177  000.177: require('blink.cmp.config.appearance')
136.194  000.172  000.172: require('blink.cmp.config.modes.cmdline')
136.367  000.165  000.165: require('blink.cmp.config.modes.term')
136.378  003.448  000.441: require('blink.cmp.config')
137.720  000.200  000.200: require('blink.cmp.config.modes.types')
138.581  000.252  000.252: require('blink.cmp.lib.async')
139.217  000.214  000.214: require('blink.cmp.lib.utils')
139.415  000.189  000.189: require('blink.cmp.fuzzy.download.system')
139.568  000.769  000.366: require('blink.cmp.fuzzy.download.files')
139.575  000.985  000.215: require('blink.cmp.fuzzy.download.git')
139.582  001.496  000.260: require('blink.cmp.fuzzy.download')
155.106  001.213  001.213: require('vim.lsp.protocol')
155.257  001.773  000.560: require('vim.lsp.log')
157.344  002.071  002.071: require('vim.lsp.util')
159.224  000.566  000.566: require('vim.lsp.sync')
159.251  001.861  001.296: require('vim.lsp._changetracking')
159.836  000.271  000.271: require('vim.lsp._transport')
159.949  000.100  000.100: require('vim._core.stringbuffer')
159.976  000.712  000.342: require('vim.lsp.rpc')
160.145  007.220  000.802: require('vim.lsp')
160.680  000.196  000.196: require('blink.cmp.lib.event_emitter')
160.701  000.545  000.348: require('blink.cmp.sources.lib')
162.296  076.134  034.086: require('plugins')
164.035  001.727  001.727: require('lsp')
164.049  085.350  001.907: sourcing C:\Users\dhruv\AppData\Local\nvim\init.lua
164.101  001.465: sourcing vimrc file(s)
165.465  000.199  000.199: sourcing C:\Program Files\Neovim\share\nvim\runtime\syntax\synload.vim
166.263  001.453  001.253: sourcing C:\Program Files\Neovim\share/nvim/runtime/syntax/syntax.vim
167.611  000.203  000.203: sourcing C:\Users\dhruv\AppData\Local\nvim-data\site\pack\core\opt\which-key.nvim\plugin\which-key.lua
168.413  000.387  000.387: sourcing C:\Users\dhruv\AppData\Local\nvim-data\site\pack\core\opt\blink.cmp\plugin\blink-cmp.lua
169.358  000.238  000.238: require('nvim-tree.commands')
169.526  000.582  000.344: sourcing C:\Users\dhruv\AppData\Local\nvim-data\site\pack\core\opt\nvim-tree.lua\plugin\nvim-tree.lua
170.221  000.201  000.201: sourcing C:\Users\dhruv\AppData\Local\nvim-data\site\pack\core\opt\fzf-lua\plugin\fzf-lua.lua
171.105  000.249  000.249: require('gitsigns')
174.070  000.607  000.607: require('gitsigns.highlight')
174.366  000.260  000.260: require('gitsigns.debug.log')
174.886  000.251  000.251: require('gitsigns.util')
174.913  000.537  000.286: require('gitsigns.config')
175.798  000.233  000.233: require('gitsigns.debounce')
175.831  005.138  003.252: sourcing C:\Users\dhruv\AppData\Local\nvim-data\site\pack\core\opt\gitsigns.nvim\plugin\gitsigns.lua
177.761  000.409  000.409: sourcing C:\Program Files\Neovim\share\nvim\runtime\plugin\gzip.vim
180.371  000.457  000.457: sourcing C:\Program Files\Neovim\share\nvim\runtime\pack\dist\opt\matchit\plugin\matchit.vim
180.528  002.576  002.119: sourcing C:\Program Files\Neovim\share\nvim\runtime\plugin\matchit.vim
181.032  000.337  000.337: sourcing C:\Program Files\Neovim\share\nvim\runtime\plugin\matchparen.vim
181.246  000.046  000.046: sourcing C:\Program Files\Neovim\share\nvim\runtime\plugin\netrwPlugin.vim
181.943  000.488  000.488: sourcing C:\Program Files\Neovim\share\nvim\runtime\plugin\rplugin.vim
182.313  000.204  000.204: sourcing C:\Program Files\Neovim\share\nvim\runtime\plugin\tarPlugin.vim
182.570  000.080  000.080: sourcing C:\Program Files\Neovim\share\nvim\runtime\plugin\tutor.vim
183.059  000.322  000.322: sourcing C:\Program Files\Neovim\share\nvim\runtime\plugin\zipPlugin.vim
183.516  000.275  000.275: sourcing C:\Program Files\Neovim\share\nvim\runtime\plugin\editorconfig.lua
184.070  000.349  000.349: sourcing C:\Program Files\Neovim\share\nvim\runtime\plugin\man.lua
184.518  000.254  000.254: sourcing C:\Program Files\Neovim\share\nvim\runtime\plugin\net.lua
184.904  000.188  000.188: sourcing C:\Program Files\Neovim\share\nvim\runtime\plugin\osc52.lua
185.323  000.237  000.237: sourcing C:\Program Files\Neovim\share\nvim\runtime\plugin\shada.lua
185.809  000.239  000.239: sourcing C:\Program Files\Neovim\share\nvim\runtime\plugin\spellfile.lua
185.945  007.875: loading rtp plugins
186.593  000.648: loading packages
186.603  000.010: loading after plugins
186.639  000.036: inits 3
190.152  003.513: reading ShaDa
190.896  000.744: opening buffers
191.859  000.336  000.336: require('nvim-tree.utils')
196.168  000.205  000.205: require('nvim-tree.events')
196.368  000.181  000.181: require('nvim-tree.notify')
196.394  000.697  000.311: require('nvim-tree.view')
197.017  000.195  000.195: require('nvim-tree.git.utils')
197.253  000.223  000.223: require('nvim-tree.git.runner')
197.470  000.207  000.207: require('nvim-tree.watcher')
197.661  000.180  000.180: require('nvim-tree.iterators.node-iterator')
198.039  000.166  000.166: require('nvim-tree.renderer.components.devicons')
198.251  000.202  000.202: require('nvim-tree.node')
198.341  000.670  000.301: require('nvim-tree.node.directory')
198.357  001.780  000.304: require('nvim-tree.git')
198.367  001.966  000.187: require('nvim-tree.core')
198.375  002.945  000.282: require('nvim-tree.lib')
198.599  000.216  000.216: require('nvim-tree.actions.finders.find-file')
198.818  000.209  000.209: require('nvim-tree.actions.tree.change-root')
198.831  006.925  003.554: require('nvim-tree.actions.tree.open')
202.004  001.037  001.037: require('nvim-tree.buffers')
205.000  000.859  000.859: require('nvim-tree.node.link')
205.030  002.022  001.163: require('nvim-tree.node.directory-link')
207.364  001.190  001.190: require('nvim-tree.node.file')
207.395  002.355  001.165: require('nvim-tree.node.file-link')
207.405  005.379  001.002: require('nvim-tree.node.factory')
208.539  001.126  001.126: require('nvim-tree.node.root')
210.771  000.953  000.953: require('nvim-tree.enum')
210.797  002.239  001.287: require('nvim-tree.explorer.filters')
214.685  001.070  001.070: require('nvim-tree.renderer.components.full-name')
214.724  002.591  001.521: require('nvim-tree.actions.node.open-file')
215.925  001.192  001.192: require('nvim-tree.actions.fs.remove-file')
217.064  001.124  001.124: require('nvim-tree.actions.fs.rename-file')
218.414  001.336  001.336: require('nvim-tree.actions.fs.trash')
218.446  007.641  001.399: require('nvim-tree.marks')
219.876  001.422  001.422: require('nvim-tree.explorer.live-filter')
221.442  001.548  001.548: require('nvim-tree.explorer.sorter')
223.311  001.853  001.853: require('nvim-tree.actions.fs.clipboard')
228.676  001.259  001.259: require('nvim-tree.renderer.decorator.builtin')
228.717  002.489  001.230: require('nvim-tree.renderer.decorator.bookmarks')
230.169  001.443  001.443: require('nvim-tree.renderer.decorator.copied')
231.381  001.192  001.192: require('nvim-tree.renderer.decorator.cut')
233.783  001.248  001.248: require('nvim-tree.diagnostics')
233.851  002.454  001.206: require('nvim-tree.renderer.decorator.diagnostics')
235.058  001.199  001.199: require('nvim-tree.renderer.decorator.git')
236.183  001.109  001.109: require('nvim-tree.renderer.decorator.hidden')
237.332  001.133  001.133: require('nvim-tree.renderer.decorator.modified')
238.501  001.153  001.153: require('nvim-tree.renderer.decorator.opened')
239.729  001.209  001.209: require('nvim-tree.renderer.components.padding')
239.763  015.172  001.791: require('nvim-tree.renderer.builder')
239.783  016.454  001.282: require('nvim-tree.renderer')
239.816  040.802  002.103: require('nvim-tree.explorer')
241.156  001.123  001.123: require('nvim-tree.explorer.watch')
282.107  000.465  000.465: require('gitsigns.async')
398.844  000.553  000.553: require('which-key')
399.139  000.276  000.276: require('which-key.config')
399.474  000.223  000.223: require('nvim-tree.actions.tree.find-file')
400.453  000.191  000.191: require('gitsigns.system')
400.467  000.415  000.224: require('gitsigns.git.cmd')
400.673  000.197  000.197: require('gitsigns.git.errors')
400.925  000.241  000.241: require('gitsigns.git.repo.watcher')
401.312  000.187  000.187: require('gitsigns.message')
401.435  000.500  000.312: require('gitsigns.git.version')
403.973  004.245  002.892: require('gitsigns.git.repo')
403.992  004.497  000.252: require('gitsigns.git')
410.661  000.236  000.236: require('blink.cmp.fuzzy.lua.match')
410.904  000.223  000.223: require('blink.cmp.fuzzy.lua.match_indices')
411.381  000.253  000.253: require('blink.cmp.fuzzy.lua.char')
411.412  000.494  000.240: require('blink.cmp.fuzzy.lua.keyword')
411.438  001.358  000.405: require('blink.cmp.fuzzy.lua')
411.452  001.739  000.381: require('blink.cmp.fuzzy')
412.760  001.014  001.014: require('blink_cmp_fuzzy')
412.777  001.316  000.302: require('blink.cmp.fuzzy.rust')
413.081  000.294  000.294: require('blink.cmp.highlights')
413.355  000.229  000.229: require('blink.cmp.types')
413.818  000.281  000.281: require('blink.cmp.keymap')
414.090  000.261  000.261: require('blink.cmp.keymap.apply')
414.469  000.277  000.277: require('blink.cmp.keymap.presets')
414.952  000.298  000.298: require('blink.cmp.keymap.fallback')
415.493  000.297  000.297: require('blink.cmp.completion')
416.122  000.301  000.301: require('blink.cmp.completion.trigger.context')
416.144  000.639  000.337: require('blink.cmp.completion.trigger')
416.425  000.274  000.274: require('blink.cmp.lib.buffer_events')
416.826  000.334  000.334: require('blink.cmp.completion.list')
417.132  000.247  000.247: require('blink.cmp.lib.cmdline_events')
417.418  000.239  000.239: require('blink.cmp.lib.term_events')
418.473  000.319  000.319: require('blink.cmp.lib.window.utils')
418.496  000.730  000.411: require('blink.cmp.lib.window')
418.752  000.230  000.230: require('blink.cmp.lib.window.cursor_line')
418.989  000.219  000.219: require('blink.cmp.lib.window.scrollbar')
419.242  000.243  000.243: require('blink.cmp.lib.window.scrollbar.win')
419.295  001.850  000.428: require('blink.cmp.completion.windows.menu')
419.557  000.249  000.249: require('blink.cmp.signature')
419.905  000.297  000.297: require('blink.cmp.signature.trigger')
420.388  000.358  000.358: require('blink.cmp.signature.window')
454.050  000.021  000.021: sourcing nvim_exec2() called at BufEnter Autocommands for "*":0
459.661  000.331  000.331: require('gitsigns.hunks')
460.528  000.318  000.318: require('gitsigns.cache')
461.355  000.215  000.215: require('gitsigns.inspect.compat')
461.371  000.404  000.189: require('gitsigns.inspect')
461.385  000.636  000.231: require('gitsigns.render.capture')
461.622  000.233  000.233: require('gitsigns.render.overlay')
461.641  001.102  000.233: require('gitsigns.hunk_preview')
461.889  000.243  000.243: require('gitsigns.render.virt')
461.914  001.970  000.307: require('gitsigns.deleted_preview')
462.078  000.159  000.159: require('gitsigns.diff')
462.264  000.178  000.178: require('gitsigns.signs')
462.446  000.176  000.176: require('gitsigns.status')
462.481  002.807  000.324: require('gitsigns.manager')
462.628  000.142  000.142: require('gitsigns.repeat')
462.686  003.742  000.462: require('gitsigns.actions')
462.929  000.236  000.236: require('gitsigns.attach')
463.380  000.199  000.199: require('gitsigns.blame_formatter')
463.404  000.419  000.220: require('gitsigns.current_line_blame')
464.224  000.466  000.466: require('editorconfig')
467.679  003.383  003.383: require('nvim-tree.keymap')
468.908  000.005  000.005: sourcing nvim_exec2() called at BufEnter Autocommands for "*":0
468.922  000.001  000.001: sourcing nvim_exec2() called at BufEnter Autocommands for "*":0
470.004  000.044  000.044: require('nvim-web-devicons')
474.608  003.312  003.312: require('vim.filetype')
476.025  000.707  000.707: require('vim.filetype.detect')
503.419  026.371  026.371: require('vim.hl')
504.429  000.011  000.011: sourcing nvim_exec2() called at BufEnter Autocommands for "*":0
504.464  210.170: BufEnter autocommands
504.470  000.005: editing files in windows
505.215  000.745: VimEnter autocommands
505.514  000.299: UIEnter autocommands
528.810  021.645  021.645: sourcing C:\Program Files\Neovim\share\nvim\runtime\autoload\provider\clipboard.vim
528.847  001.688: before starting main loop
602.227  073.380: first screen update
602.237  000.010: --- NVIM STARTED ---

--- Startup times for process: Primary (or UI client) ---

times in msec
 clock   self+sourced   self:  sourced script
 clock   elapsed:              other lines

000.009  000.009: --- NVIM STARTING ---
000.087  000.078: event init
000.258  000.170: early init
022.870  022.612: locale set
022.921  000.052: init first window
023.799  000.877: inits 1
024.246  000.447: window checked
024.257  000.011: parsing arguments
025.407  000.573  000.573: require('vim._core.shared')
026.327  000.006  000.006: require('string.buffer')
026.367  000.300  000.295: require('vim.inspect')
026.670  000.290  000.290: require('vim._core.options')
026.675  001.261  000.670: require('vim._core.editor')
026.867  000.188  000.188: require('vim._core.system')
026.871  002.133  000.111: require('vim._init_packages')
026.881  000.491: init lua interpreter
035.635  008.754: nvim_ui_attach
036.166  000.530: nvim_set_client_info
036.179  000.013: --- NVIM STARTED ---

--- Startup times for process: Embedded ---

times in msec
 clock   self+sourced   self:  sourced script
 clock   elapsed:              other lines

000.015  000.015: --- NVIM STARTING ---
000.071  000.056: event init
000.352  000.281: early init
018.300  017.947: locale set
018.389  000.090: init first window
019.988  001.599: inits 1
020.032  000.044: window checked
020.041  000.009: parsing arguments
021.501  000.667  000.667: require('vim._core.shared')
022.527  000.007  000.007: require('string.buffer')
022.583  000.340  000.333: require('vim.inspect')
022.943  000.333  000.333: require('vim._core.options')
022.950  001.438  000.765: require('vim._core.editor')
023.169  000.214  000.214: require('vim._core.system')
023.174  002.486  000.167: require('vim._init_packages')
023.187  000.659: init lua interpreter
055.393  032.206: expanding arguments
055.437  000.044: inits 2
055.848  000.411: init highlight
055.852  000.004: waiting for UI
055.980  000.128: done waiting for UI
056.003  000.023: clear screen
056.914  000.052  000.052: require('vim.keymap')
057.775  000.203  000.203: sourcing nvim_exec2()
057.842  000.030  000.030: require('vim._core.log')
060.528  001.042  001.042: require('vim.tty')
060.724  000.164  000.164: require('vim.text')
067.994  011.981  010.489: require('vim._core.defaults')
068.007  000.024: init default mappings & autocommands
068.325  000.113  000.113: sourcing C:\Program Files\Neovim\share\nvim\runtime\ftplugin.vim
068.562  000.070  000.070: sourcing C:\Program Files\Neovim\share\nvim\runtime\indent.vim
069.838  000.481  000.481: require('vim.fs')
070.110  000.261  000.261: require('vim.uri')
070.149  001.200  000.458: require('vim.loader')
071.604  001.036  001.036: sourcing C:\Program Files\Neovim\share/nvim/runtime/colors/vim.lua
072.159  001.707  000.671: sourcing C:\Program Files\Neovim\share\nvim\runtime\colors\retrobox.vim
072.870  000.552  000.552: require('keymaps')
073.365  000.081  000.081: sourcing nvim_exec2() called at C:\Program Files\Neovim\share\nvim\runtime\filetype.lua:0
073.373  000.235  000.154: sourcing C:\Program Files\Neovim\share\nvim\runtime\filetype.lua
073.559  000.029  000.029: sourcing C:\Program Files\Neovim\share\nvim\runtime\ftplugin.vim
073.712  000.023  000.023: sourcing C:\Program Files\Neovim\share\nvim\runtime\indent.vim
073.917  000.159  000.159: require('autocmds')
074.096  000.172  000.172: require('statusline')
074.801  000.180  000.180: require('vim._async')
074.823  000.544  000.364: require('vim.pack')
074.978  000.036  000.036: require('vim.F')
075.380  000.274  000.274: require('vim.version')
077.707  001.021  001.021: require('mini.ai')
078.279  000.305  000.305: require('mini.comment')
078.641  000.244  000.244: require('mini.move')
079.147  000.374  000.374: require('mini.surround')
084.003  001.392  001.392: require('mini.icons')
084.425  000.290  000.290: require('mini.tabline')
084.509  000.015  000.015: sourcing nvim_exec2() called at C:\Users\dhruv\AppData\Local\nvim\init.lua:0
084.786  000.270  000.270: require('mini.pairs')
087.022  000.186  000.186: require('vim.func')
087.261  000.200  000.200: require('vim.func._memoize')
087.284  000.749  000.362: require('fzf-lua.utils')
087.717  000.116  000.116: require('fzf-lua.lib.base64')
087.950  000.227  000.227: require('fzf-lua.lib.serpent')
087.961  000.505  000.163: require('fzf-lua.libuv')
087.972  000.683  000.178: require('fzf-lua.path')
087.990  001.839  000.407: require('fzf-lua.actions')
088.744  000.239  000.239: require('fzf-lua.class')
088.809  000.454  000.215: require('fzf-lua.devicons')
089.488  000.273  000.273: require('fzf-lua.previewer')
090.383  001.567  001.294: require('fzf-lua.defaults')
090.401  002.210  000.189: require('fzf-lua.config')
090.680  000.053  000.053: sourcing C:/Users/dhruv/AppData/Local/nvim-data/site/pack/core/opt/fzf-lua/autoload/fzf_lua.vim
090.696  000.193  000.140: sourcing nvim_exec2() called at C:\Users\dhruv\AppData\Local\nvim\init.lua:0
091.912  000.637  000.637: require('fzf-lua.win')
092.717  000.152  000.152: require('fzf-lua.fzf')
092.876  000.151  000.151: require('fzf-lua.shell')
092.891  000.966  000.664: require('fzf-lua.core')
093.108  000.208  000.208: require('fzf-lua.make_entry')
093.120  005.125  000.911: require('fzf-lua')
095.171  000.303  000.303: require('nvim-tree')
095.452  000.126  000.126: require('nvim-tree._meta.api.appearance')
095.594  000.134  000.134: require('nvim-tree._meta.api.commands')
095.725  000.125  000.125: require('nvim-tree._meta.api.config')
095.877  000.143  000.143: require('nvim-tree._meta.api.events')
096.052  000.169  000.169: require('nvim-tree._meta.api.filter')
096.230  000.171  000.171: require('nvim-tree._meta.api.fs')
096.363  000.127  000.127: require('nvim-tree._meta.api.git')
096.485  000.113  000.113: require('nvim-tree._meta.api.map')
096.657  000.165  000.165: require('nvim-tree._meta.api.marks')
096.809  000.145  000.145: require('nvim-tree._meta.api.node')
096.940  000.125  000.125: require('nvim-tree._meta.api.tree')
097.185  000.122  000.122: require('nvim-tree.classic')
097.197  000.251  000.129: require('nvim-tree._meta.api.decorator')
097.320  000.117  000.117: require('nvim-tree._meta.api.deprecated')
097.547  000.221  000.221: require('nvim-tree.api.impl')
097.734  000.147  000.147: require('nvim-tree.renderer.decorator')
097.868  000.128  000.128: require('nvim-tree.legacy')
097.876  002.697  000.289: require('nvim-tree.api')
098.033  000.152  000.152: require('nvim-tree.appearance')
098.715  000.295  000.295: require('vim.diagnostic')
098.739  000.558  000.262: require('nvim-tree.config')
098.744  000.706  000.148: require('nvim-tree.autocmd')
098.897  000.149  000.149: require('nvim-tree.log')
099.046  000.144  000.144: require('nvim-tree.view-state')
100.284  001.110  001.110: sourcing nvim_exec2() called at C:\Users\dhruv\AppData\Local\nvim\init.lua:0
100.306  000.009  000.009: sourcing nvim_exec2() called at C:\Users\dhruv\AppData\Local\nvim\init.lua:0
102.274  000.152  000.152: require('mason-core.path')
102.699  000.113  000.113: require('mason-core.functional.data')
102.845  000.134  000.134: require('mason-core.functional.function')
102.995  000.140  000.140: require('mason-core.functional.list')
103.117  000.110  000.110: require('mason-core.functional.relation')
103.261  000.138  000.138: require('mason-core.functional.logic')
103.399  000.129  000.129: require('mason-core.functional.number')
103.537  000.126  000.126: require('mason-core.functional.string')
103.664  000.118  000.118: require('mason-core.functional.table')
103.819  000.148  000.148: require('mason-core.functional.type')
103.828  001.416  000.260: require('mason-core.functional')
103.918  001.636  000.220: require('mason-core.platform')
104.078  000.155  000.155: require('mason.settings')
104.086  002.157  000.214: require('mason-core.installer.InstallLocation')
104.528  000.179  000.179: require('mason-core.log')
104.540  000.314  000.135: require('mason-core.EventEmitter')
104.763  000.218  000.218: require('mason-registry.sources')
104.782  000.692  000.160: require('mason-registry')
104.789  003.425  000.577: require('mason')
105.135  000.203  000.203: require('mason.api.command')
107.135  000.486  000.486: require('blink.cmp')
107.624  000.221  000.221: require('blink.cmp.config.utils')
107.811  000.170  000.170: require('blink.cmp.config.keymap')
108.145  000.158  000.158: require('blink.cmp.config.completion.keyword')
108.311  000.158  000.158: require('blink.cmp.config.completion.trigger')
108.467  000.149  000.149: require('blink.cmp.config.completion.list')
108.618  000.144  000.144: require('blink.cmp.config.completion.accept')
108.834  000.209  000.209: require('blink.cmp.config.completion.menu')
109.023  000.182  000.182: require('blink.cmp.config.completion.documentation')
109.180  000.148  000.148: require('blink.cmp.config.completion.ghost_text')
109.186  001.368  000.220: require('blink.cmp.config.completion')
109.386  000.195  000.195: require('blink.cmp.config.fuzzy')
109.580  000.184  000.184: require('blink.cmp.config.sources')
109.775  000.189  000.189: require('blink.cmp.config.signature')
110.037  000.169  000.169: require('blink.cmp.config.snippets')
110.198  000.155  000.155: require('blink.cmp.config.appearance')
110.354  000.148  000.148: require('blink.cmp.config.modes.cmdline')
110.527  000.167  000.167: require('blink.cmp.config.modes.term')
110.542  003.385  000.419: require('blink.cmp.config')
112.340  000.278  000.278: require('blink.cmp.config.modes.types')
113.175  000.226  000.226: require('blink.cmp.lib.async')
113.759  000.216  000.216: require('blink.cmp.lib.utils')
113.948  000.180  000.180: require('blink.cmp.fuzzy.download.system')
114.087  000.742  000.347: require('blink.cmp.fuzzy.download.files')
114.094  000.909  000.167: require('blink.cmp.fuzzy.download.git')
114.102  001.406  000.271: require('blink.cmp.fuzzy.download')
134.104  001.248  001.248: require('vim.lsp.protocol')
134.349  001.841  000.594: require('vim.lsp.log')
136.241  001.851  001.851: require('vim.lsp.util')
138.220  000.324  000.324: require('vim.lsp.sync')
138.259  001.964  001.640: require('vim.lsp._changetracking')
138.833  000.251  000.251: require('vim.lsp._transport')
138.944  000.098  000.098: require('vim._core.stringbuffer')
138.971  000.701  000.353: require('vim.lsp.rpc')
139.143  007.224  000.867: require('vim.lsp')
139.736  000.237  000.237: require('blink.cmp.lib.event_emitter')
139.757  000.603  000.366: require('blink.cmp.sources.lib')
141.242  067.140  033.131: require('plugins')
143.107  001.851  001.851: require('lsp')
143.121  074.329  001.259: sourcing C:\Users\dhruv\AppData\Local\nvim\init.lua
143.180  000.661: sourcing vimrc file(s)
144.594  000.198  000.198: sourcing C:\Program Files\Neovim\share\nvim\runtime\syntax\synload.vim
145.392  001.449  001.251: sourcing C:\Program Files\Neovim\share/nvim/runtime/syntax/syntax.vim
146.744  000.217  000.217: sourcing C:\Users\dhruv\AppData\Local\nvim-data\site\pack\core\opt\which-key.nvim\plugin\which-key.lua
147.628  000.447  000.447: sourcing C:\Users\dhruv\AppData\Local\nvim-data\site\pack\core\opt\blink.cmp\plugin\blink-cmp.lua
148.599  000.243  000.243: require('nvim-tree.commands')
148.762  000.589  000.346: sourcing C:\Users\dhruv\AppData\Local\nvim-data\site\pack\core\opt\nvim-tree.lua\plugin\nvim-tree.lua
149.421  000.211  000.211: sourcing C:\Users\dhruv\AppData\Local\nvim-data\site\pack\core\opt\fzf-lua\plugin\fzf-lua.lua
150.438  000.330  000.330: require('gitsigns')
153.307  000.574  000.574: require('gitsigns.highlight')
153.654  000.271  000.271: require('gitsigns.debug.log')
154.320  000.356  000.356: require('gitsigns.util')
154.349  000.683  000.328: require('gitsigns.config')
155.314  000.226  000.226: require('gitsigns.debounce')
155.346  005.417  003.333: sourcing C:\Users\dhruv\AppData\Local\nvim-data\site\pack\core\opt\gitsigns.nvim\plugin\gitsigns.lua
157.254  000.403  000.403: sourcing C:\Program Files\Neovim\share\nvim\runtime\plugin\gzip.vim
159.883  000.454  000.454: sourcing C:\Program Files\Neovim\share\nvim\runtime\pack\dist\opt\matchit\plugin\matchit.vim
160.060  002.635  002.182: sourcing C:\Program Files\Neovim\share\nvim\runtime\plugin\matchit.vim
160.548  000.318  000.318: sourcing C:\Program Files\Neovim\share\nvim\runtime\plugin\matchparen.vim
160.764  000.043  000.043: sourcing C:\Program Files\Neovim\share\nvim\runtime\plugin\netrwPlugin.vim
161.439  000.519  000.519: sourcing C:\Program Files\Neovim\share\nvim\runtime\plugin\rplugin.vim
161.846  000.241  000.241: sourcing C:\Program Files\Neovim\share\nvim\runtime\plugin\tarPlugin.vim
162.096  000.070  000.070: sourcing C:\Program Files\Neovim\share\nvim\runtime\plugin\tutor.vim
162.543  000.284  000.284: sourcing C:\Program Files\Neovim\share\nvim\runtime\plugin\zipPlugin.vim
162.968  000.247  000.247: sourcing C:\Program Files\Neovim\share\nvim\runtime\plugin\editorconfig.lua
163.521  000.358  000.358: sourcing C:\Program Files\Neovim\share\nvim\runtime\plugin\man.lua
163.988  000.282  000.282: sourcing C:\Program Files\Neovim\share\nvim\runtime\plugin\net.lua
164.562  000.316  000.316: sourcing C:\Program Files\Neovim\share\nvim\runtime\plugin\osc52.lua
164.957  000.181  000.181: sourcing C:\Program Files\Neovim\share\nvim\runtime\plugin\shada.lua
165.331  000.187  000.187: sourcing C:\Program Files\Neovim\share\nvim\runtime\plugin\spellfile.lua
165.430  007.837: loading rtp plugins
166.006  000.576: loading packages
166.019  000.013: loading after plugins
166.056  000.037: inits 3
169.541  003.485: reading ShaDa
170.183  000.642: opening buffers
170.949  000.319  000.319: require('nvim-tree.utils')
170.984  000.482: BufEnter autocommands
170.990  000.006: editing files in windows
171.746  000.756: VimEnter autocommands
172.151  000.404: UIEnter autocommands
173.402  001.251: before starting main loop
175.182  000.259  000.259: require('gitsigns.async')
175.415  000.220  000.220: require('gitsigns.hunks')
176.038  000.194  000.194: require('gitsigns.cache')
176.806  000.191  000.191: require('gitsigns.inspect.compat')
176.821  000.384  000.193: require('gitsigns.inspect')
176.840  000.585  000.201: require('gitsigns.render.capture')
177.102  000.256  000.256: require('gitsigns.render.overlay')
177.121  001.072  000.232: require('gitsigns.hunk_preview')
177.310  000.181  000.181: require('gitsigns.render.virt')
177.337  001.698  000.251: require('gitsigns.deleted_preview')
177.511  000.167  000.167: require('gitsigns.diff')
177.698  000.177  000.177: require('gitsigns.signs')
177.876  000.169  000.169: require('gitsigns.status')
177.912  002.487  000.276: require('gitsigns.manager')
178.095  000.175  000.175: require('gitsigns.message')
178.246  000.141  000.141: require('gitsigns.repeat')
178.347  003.769  000.488: require('gitsigns.actions')
179.436  000.197  000.197: require('gitsigns.system')
179.453  000.421  000.224: require('gitsigns.git.cmd')
179.643  000.182  000.182: require('gitsigns.git.errors')
179.875  000.222  000.222: require('gitsigns.git.repo.watcher')
180.095  000.208  000.208: require('gitsigns.git.version')
182.834  004.053  003.020: require('gitsigns.git.repo')
182.864  004.265  000.212: require('gitsigns.git')
182.888  004.533  000.268: require('gitsigns.attach')
183.518  000.199  000.199: require('gitsigns.blame_formatter')
183.547  000.568  000.369: require('gitsigns.current_line_blame')
184.413  000.343  000.343: require('editorconfig')
188.435  003.962  003.962: require('vim.filetype')
189.570  000.733  000.733: require('vim.filetype.detect')
265.348  078.038: first screen update
265.359  000.011: --- NVIM STARTED ---

